<?xml version="1.0" encoding="UTF-8"?>
<!-- Generated by org.testng.reporters.JUnitReportReporter -->
<testsuite skipped="0" hostname="QKSRVSH04" name="QualityKioskTraining.Assessment3.MultiplicationTest" tests="5" failures="0" timestamp="2021-04-24T12:53:26 IST" time="0.005" errors="0">
  <testcase name="testMultiplicationWithDataDriven" time="0.000" classname="QualityKioskTraining.Assessment3.MultiplicationTest"/>
  <system-out/>
  <testcase name="testMultiplicationWithDataDriven" time="0.001" classname="QualityKioskTraining.Assessment3.MultiplicationTest"/>
  <system-out/>
  <testcase name="testMultiplicationWithFloatValues" time="0.001" classname="QualityKioskTraining.Assessment3.MultiplicationTest"/>
  <system-out/>
  <testcase name="testMultiplicationWithPositiveValues" time="0.002" classname="QualityKioskTraining.Assessment3.MultiplicationTest"/>
  <system-out/>
  <testcase name="testMultiplicationWithDataDriven" time="0.001" classname="QualityKioskTraining.Assessment3.MultiplicationTest"/>
  <system-out/>
</testsuite> <!-- QualityKioskTraining.Assessment3.MultiplicationTest -->
