<?xml version="1.0" encoding="UTF-8"?>
<!-- Generated by org.testng.reporters.JUnitReportReporter -->
<testsuite skipped="0" hostname="QKSRVSH04" name="QualityKioskTraining.Assessment3.AdditionTest" tests="8" failures="0" timestamp="2021-04-24T12:53:26 IST" time="0.014" errors="0">
  <testcase name="testAdditionWithDataDriven" time="0.007" classname="QualityKioskTraining.Assessment3.AdditionTest"/>
  <system-out/>
  <testcase name="testAdditionWithNegativeValues" time="0.001" classname="QualityKioskTraining.Assessment3.AdditionTest"/>
  <system-out/>
  <testcase name="testAddtionWithFloatValues" time="0.001" classname="QualityKioskTraining.Assessment3.AdditionTest"/>
  <system-out/>
  <testcase name="testAdditionWithDataDriven" time="0.000" classname="QualityKioskTraining.Assessment3.AdditionTest"/>
  <system-out/>
  <testcase name="testAdditionWithPositiveValues" time="0.001" classname="QualityKioskTraining.Assessment3.AdditionTest"/>
  <system-out/>
  <testcase name="testAddtionWithFloatValues" time="0.001" classname="QualityKioskTraining.Assessment3.AdditionTest"/>
  <system-out/>
  <testcase name="testAddtionWithFloatValues" time="0.001" classname="QualityKioskTraining.Assessment3.AdditionTest"/>
  <system-out/>
  <testcase name="testAdditionWithDataDriven" time="0.002" classname="QualityKioskTraining.Assessment3.AdditionTest"/>
  <system-out/>
</testsuite> <!-- QualityKioskTraining.Assessment3.AdditionTest -->
