<?xml version="1.0" encoding="UTF-8"?>
<!-- Generated by org.testng.reporters.JUnitReportReporter -->
<testsuite skipped="0" hostname="QKSRVSH04" name="QualityKioskTraining.Assessment3.DivisionTest" tests="2" failures="0" timestamp="2021-04-24T12:53:26 IST" time="0.001" errors="0">
  <testcase name="testDivisionWithIntegerValues" time="0.000" classname="QualityKioskTraining.Assessment3.DivisionTest"/>
  <system-out/>
  <testcase name="testDivisionWithFloatValues" time="0.001" classname="QualityKioskTraining.Assessment3.DivisionTest"/>
  <system-out/>
</testsuite> <!-- QualityKioskTraining.Assessment3.DivisionTest -->
