<?xml version="1.0" encoding="UTF-8"?>
<!-- Generated by org.testng.reporters.JUnitReportReporter -->
<testsuite skipped="0" hostname="QKSRVSH04" name="QualityKioskTraining.Assessment3.SubstractionTest" tests="2" failures="0" timestamp="2021-04-24T12:53:26 IST" time="0.002" errors="0">
  <testcase name="testSubtractionWithFloatValues" time="0.001" classname="QualityKioskTraining.Assessment3.SubstractionTest"/>
  <system-out/>
  <testcase name="testSubtractionWithPositiveValues" time="0.001" classname="QualityKioskTraining.Assessment3.SubstractionTest"/>
  <system-out/>
</testsuite> <!-- QualityKioskTraining.Assessment3.SubstractionTest -->
